
Showing logs for build [32mcb-kubecd-environment-pr-205-12-nj2l8-1[0m stage [32mfrom-build-pack[0m and container [32mstep-credential-initializer-95qjv[0m
{"level":"info","ts":1587406001.771764,"logger":"fallback-logger","caller":"logging/config.go:69","msg":"Fetch GitHub commit ID from kodata failed: open /var/run/ko/refs/heads/0.8.0-ns-support: no such file or directory"}
{"level":"info","ts":1587406001.7726512,"logger":"fallback-logger","caller":"creds-init/main.go:40","msg":"Credentials initialized."}

Showing logs for build [32mcb-kubecd-environment-pr-205-12-nj2l8-1[0m stage [32mfrom-build-pack[0m and container [32mstep-working-dir-initializer-hj6fr[0m
{"level":"info","ts":1587406002.8360431,"logger":"fallback-logger","caller":"logging/config.go:69","msg":"Fetch GitHub commit ID from kodata failed: open /var/run/ko/HEAD: no such file or directory"}
{"level":"info","ts":1587406002.8391297,"logger":"fallback-logger","caller":"bash/main.go:64","msg":"Successfully executed command \"sh -c mkdir -p /workspace/source\"; output "}

Showing logs for build [32mcb-kubecd-environment-pr-205-12-nj2l8-1[0m stage [32mfrom-build-pack[0m and container [32mstep-place-tools[0m

Showing logs for build [32mcb-kubecd-environment-pr-205-12-nj2l8-1[0m stage [32mfrom-build-pack[0m and container [32mstep-git-source-cb-kubecd-environment-pr-205-12-nj2l8-wrqkz[0m
{"level":"info","ts":1587406008.1632736,"logger":"fallback-logger","caller":"logging/config.go:69","msg":"Fetch GitHub commit ID from kodata failed: open /var/run/ko/refs/heads/0.8.0-ns-support: no such file or directory"}
{"level":"info","ts":1587406009.2138016,"logger":"fallback-logger","caller":"git/git.go:103","msg":"Successfully cloned https://github.com/cb-kubecd/environment-pr-205-126-boot-gke-staging.git @ master in path /workspace/source"}

Showing logs for build [32mcb-kubecd-environment-pr-205-12-nj2l8-1[0m stage [32mfrom-build-pack[0m and container [32mstep-git-merge[0m
Using SHAs from PULL_REFS=master:c67872b2e58bb7cc24d87e600e3a4061677e8c84,8:a9ad8b66d49ddd24c4e4ed42c38955b1c597519d
DEBUG: LC_ALL=C JX_LOG_LEVEL=error git fetch origin --unshallow a9ad8b66d49ddd24c4e4ed42c38955b1c597519d: c67872b2e58bb7cc24d87e600e3a4061677e8c84:
DEBUG: ran git fetch --unshallow origin a9ad8b66d49ddd24c4e4ed42c38955b1c597519d: c67872b2e58bb7cc24d87e600e3a4061677e8c84: in 
DEBUG: LC_ALL=C JX_LOG_LEVEL=error git branch
DEBUG: LC_ALL=C JX_LOG_LEVEL=error git checkout master
DEBUG: ran git checkout master in 
DEBUG: JX_LOG_LEVEL=error LC_ALL=C git reset --hard c67872b2e58bb7cc24d87e600e3a4061677e8c84
DEBUG: ran git reset --hard c67872b2e58bb7cc24d87e600e3a4061677e8c84 in 
DEBUG: LC_ALL=C JX_LOG_LEVEL=error git clean -fd .
DEBUG: ran clean --force -d . in 
DEBUG: LC_ALL=C JX_LOG_LEVEL=error git merge a9ad8b66d49ddd24c4e4ed42c38955b1c597519d
DEBUG: ran git merge a9ad8b66d49ddd24c4e4ed42c38955b1c597519d in 
DEBUG: LC_ALL=C JX_LOG_LEVEL=error git log --format=%H%x1f%an%x1f%ae%x1f%cn%x1f%ce%x1f%s%n%b%x1e c67872b2e58bb7cc24d87e600e3a4061677e8c84..HEAD
Merged SHA a9ad8b66d49ddd24c4e4ed42c38955b1c597519d with commit message 'chore: Promote bdd-sbrp-import-1587404114 to version 0.0.1' into base branch master

Showing logs for build [32mcb-kubecd-environment-pr-205-12-nj2l8-1[0m stage [32mfrom-build-pack[0m and container [32mstep-build-helm-build[0m
WARNING: No $CHART_REPOSITORY defined so using the default value of: http://jenkins-x-chartmuseum:8080
Adding missing Helm repo: storage.googleapis.com https://storage.googleapis.com/chartmuseum.jenkins-x.io
WARNING: No secrets found on "helm/repos" due: reading the secret "helm/repos" from vault: no secret "helm/repos" not found in vault
Read credentials for https://storage.googleapis.com/chartmuseum.jenkins-x.io from vault helm/repos
Successfully added Helm repository storage.googleapis.com.
Adding missing Helm repo: jenkins-x-chartmuseum http://jenkins-x-chartmuseum:8080
WARNING: No secrets found on "helm/repos" due: reading the secret "helm/repos" from vault: no secret "helm/repos" not found in vault
Read credentials for http://jenkins-x-chartmuseum:8080 from vault helm/repos
Successfully added Helm repository jenkins-x-chartmuseum.
WARNING: No $CHART_REPOSITORY defined so using the default value of: http://jenkins-x-chartmuseum:8080
Adding missing Helm repo: chartmuseum.jenkins-x.io http://chartmuseum.jenkins-x.io
WARNING: No secrets found on "helm/repos" due: reading the secret "helm/repos" from vault: no secret "helm/repos" not found in vault
Read credentials for http://chartmuseum.jenkins-x.io from vault helm/repos
Successfully added Helm repository chartmuseum.jenkins-x.io.
