
Showing logs for build [32mcb-kubecd-environment-pr-205-12-c9c5v-1[0m stage [32mfrom-build-pack[0m and container [32mstep-credential-initializer-nmvr9[0m
{"level":"info","ts":1587404303.692829,"logger":"fallback-logger","caller":"logging/config.go:69","msg":"Fetch GitHub commit ID from kodata failed: open /var/run/ko/refs/heads/0.8.0-ns-support: no such file or directory"}
{"level":"info","ts":1587404303.6938531,"logger":"fallback-logger","caller":"creds-init/main.go:40","msg":"Credentials initialized."}

Showing logs for build [32mcb-kubecd-environment-pr-205-12-c9c5v-1[0m stage [32mfrom-build-pack[0m and container [32mstep-working-dir-initializer-fhlkf[0m
{"level":"info","ts":1587404305.1050038,"logger":"fallback-logger","caller":"logging/config.go:69","msg":"Fetch GitHub commit ID from kodata failed: open /var/run/ko/HEAD: no such file or directory"}
{"level":"info","ts":1587404305.106231,"logger":"fallback-logger","caller":"bash/main.go:64","msg":"Successfully executed command \"sh -c mkdir -p /workspace/source\"; output "}

Showing logs for build [32mcb-kubecd-environment-pr-205-12-c9c5v-1[0m stage [32mfrom-build-pack[0m and container [32mstep-place-tools[0m

Showing logs for build [32mcb-kubecd-environment-pr-205-12-c9c5v-1[0m stage [32mfrom-build-pack[0m and container [32mstep-git-source-cb-kubecd-environment-pr-205-12-c9c5v-2hjj2[0m
{"level":"info","ts":1587404309.340872,"logger":"fallback-logger","caller":"logging/config.go:69","msg":"Fetch GitHub commit ID from kodata failed: open /var/run/ko/refs/heads/0.8.0-ns-support: no such file or directory"}
{"level":"info","ts":1587404310.393752,"logger":"fallback-logger","caller":"git/git.go:103","msg":"Successfully cloned https://github.com/cb-kubecd/environment-pr-205-126-boot-gke-staging.git @ master in path /workspace/source"}

Showing logs for build [32mcb-kubecd-environment-pr-205-12-c9c5v-1[0m stage [32mfrom-build-pack[0m and container [32mstep-git-merge[0m
Using SHAs from PULL_REFS=master:8044c525d623e3109478bdfdc52d3eb0262cc1eb,5:bf75b289ce3ca014d699b4158485b609c2d1139f
DEBUG: JX_LOG_LEVEL=error LC_ALL=C git fetch origin --unshallow bf75b289ce3ca014d699b4158485b609c2d1139f: 8044c525d623e3109478bdfdc52d3eb0262cc1eb:
DEBUG: ran git fetch --unshallow origin bf75b289ce3ca014d699b4158485b609c2d1139f: 8044c525d623e3109478bdfdc52d3eb0262cc1eb: in 
DEBUG: LC_ALL=C JX_LOG_LEVEL=error git branch
DEBUG: LC_ALL=C JX_LOG_LEVEL=error git checkout master
DEBUG: ran git checkout master in 
DEBUG: LC_ALL=C JX_LOG_LEVEL=error git reset --hard 8044c525d623e3109478bdfdc52d3eb0262cc1eb
DEBUG: ran git reset --hard 8044c525d623e3109478bdfdc52d3eb0262cc1eb in 
DEBUG: JX_LOG_LEVEL=error LC_ALL=C git clean -fd .
DEBUG: ran clean --force -d . in 
DEBUG: LC_ALL=C JX_LOG_LEVEL=error git merge bf75b289ce3ca014d699b4158485b609c2d1139f
DEBUG: ran git merge bf75b289ce3ca014d699b4158485b609c2d1139f in 
DEBUG: JX_LOG_LEVEL=error LC_ALL=C git log --format=%H%x1f%an%x1f%ae%x1f%cn%x1f%ce%x1f%s%n%b%x1e 8044c525d623e3109478bdfdc52d3eb0262cc1eb..HEAD
Merged SHA bf75b289ce3ca014d699b4158485b609c2d1139f with commit message 'chore: Promote bdd-nh-import-1587404114 to version 0.0.1' into base branch master

Showing logs for build [32mcb-kubecd-environment-pr-205-12-c9c5v-1[0m stage [32mfrom-build-pack[0m and container [32mstep-build-helm-build[0m
WARNING: No $CHART_REPOSITORY defined so using the default value of: http://jenkins-x-chartmuseum:8080
Adding missing Helm repo: storage.googleapis.com https://storage.googleapis.com/chartmuseum.jenkins-x.io
WARNING: No secrets found on "helm/repos" due: reading the secret "helm/repos" from vault: no secret "helm/repos" not found in vault
Read credentials for https://storage.googleapis.com/chartmuseum.jenkins-x.io from vault helm/repos
Successfully added Helm repository storage.googleapis.com.
Adding missing Helm repo: jenkins-x-chartmuseum http://jenkins-x-chartmuseum:8080
WARNING: No secrets found on "helm/repos" due: reading the secret "helm/repos" from vault: no secret "helm/repos" not found in vault
Read credentials for http://jenkins-x-chartmuseum:8080 from vault helm/repos
Successfully added Helm repository jenkins-x-chartmuseum.
WARNING: No $CHART_REPOSITORY defined so using the default value of: http://jenkins-x-chartmuseum:8080
Adding missing Helm repo: chartmuseum.jenkins-x.io http://chartmuseum.jenkins-x.io
WARNING: No secrets found on "helm/repos" due: reading the secret "helm/repos" from vault: no secret "helm/repos" not found in vault
Read credentials for http://chartmuseum.jenkins-x.io from vault helm/repos
Successfully added Helm repository chartmuseum.jenkins-x.io.
